#
# There is insufficient memory for the Java Runtime Environment to continue.
# Native memory allocation (mmap) failed to map 130023424 bytes. Error detail: G1 virtual space
# Possible reasons:
#   The system is out of physical RAM or swap space
#   This process is running with CompressedOops enabled, and the Java Heap may be blocking the growth of the native heap
# Possible solutions:
#   Reduce memory load on the system
#   Increase physical memory or swap space
#   Check if swap backing store is full
#   Decrease Java heap size (-Xmx/-Xms)
#   Decrease number of Java threads
#   Decrease Java thread stack sizes (-Xss)
#   Set larger code cache with -XX:ReservedCodeCacheSize=
#   JVM is running with Unscaled Compressed Oops mode in which the Java heap is
#     placed in the first 4GB address space. The Java Heap base address is the
#     maximum limit for the native heap growth. Please use -XX:HeapBaseMinAddress
#     to set the Java Heap base and to place the Java Heap above 4GB virtual address.
# This output file may be truncated or incomplete.
#
#  Out of Memory Error (os_windows.cpp:3766), pid=4828, tid=22924
#
# JRE version:  (25.0.2+1) (build )
# Java VM: OpenJDK 64-Bit Server VM (25.0.2+1-b329.72, mixed mode, sharing, tiered, compressed oops, compressed class ptrs, g1 gc, windows-amd64)
# No core dump will be written. Minidumps are not enabled by default on client versions of Windows
#

---------------  S U M M A R Y ------------

Command Line: git4idea.http.GitAskPassApp Username for 'https://github.com': 

Host: 12th Gen Intel(R) Core(TM) i5-12500H, 16 cores, 7G,  Windows 11 , 64 bit Build 26100 (10.0.26100.7705)
Time: Tue Apr 14 10:50:38 2026 SE Asia Standard Time elapsed time: 2.037601 seconds (0d 0h 0m 2s)

---------------  T H R E A D  ---------------

Current thread (0x00000262612155a0):  JavaThread "Unknown thread" [_thread_in_vm, id=22924, stack(0x000000e89f700000,0x000000e89f800000) (1024K)]

Stack: [0x000000e89f700000,0x000000e89f800000]
Native frames: (J=compiled Java code, j=interpreted, Vv=VM code, C=native code)
V  [jvm.dll+0x7c0b19]  (no source info available)
V  [jvm.dll+0x78a2ed]  (no source info available)
V  [jvm.dll+0xa0e563]  (no source info available)
V  [jvm.dll+0xa10d5c]  (no source info available)
V  [jvm.dll+0xa11453]  (no source info available)
V  [jvm.dll+0x307b86]  (no source info available)
V  [jvm.dll+0x7bcd25]  (no source info available)
V  [jvm.dll+0x7afce7]  (no source info available)
V  [jvm.dll+0x4015ce]  (no source info available)
V  [jvm.dll+0x4093eb]  (no source info available)
V  [jvm.dll+0x3f5c29]  (no source info available)
V  [jvm.dll+0x3f5edb]  (no source info available)
V  [jvm.dll+0x3cc093]  (no source info available)
V  [jvm.dll+0x3cccfe]  (no source info available)
V  [jvm.dll+0x9d48d7]  (no source info available)
V  [jvm.dll+0x466ce2]  (no source info available)
V  [jvm.dll+0x9b8019]  (no source info available)
V  [jvm.dll+0x508951]  (no source info available)
V  [jvm.dll+0x50a2c1]  (no source info available)
C  [jli.dll+0x541a]  (no source info available)
C  [ucrtbase.dll+0x37b0]  (no source info available)
C  [KERNEL32.DLL+0x2e8d7]  (no source info available)
C  [ntdll.dll+0x8c40c]  (no source info available)

Lock stack of current Java thread (top to bottom):


---------------  P R O C E S S  ---------------

Threads class SMR info:
_java_thread_list=0x00007ffd30519108, length=0, elements={
}

Java Threads: ( => current thread )
Total: 0

Other Threads:
  0x0000026263637e20 WorkerThread "GC Thread#0"                     [id=20248, stack(0x000000e89f800000,0x000000e89f900000) (1024K)]
  0x000002626366ce90 ConcurrentGCThread "G1 Main Marker"            [id=29396, stack(0x000000e89f900000,0x000000e89fa00000) (1024K)]
  0x000002626366ffe0 WorkerThread "G1 Conc#0"                       [id=40428, stack(0x000000e89fa00000,0x000000e89fb00000) (1024K)]

[error occurred during error reporting (printing all threads), id 0xc0000005, EXCEPTION_ACCESS_VIOLATION (0xc0000005) at pc=0x00007ffd2fb30cea]
VM state: not at safepoint (not fully initialized)

VM Mutex/Monitor currently owned by a thread:  ([mutex/lock_event])
[0x00007ffd305a1d20] Heap_lock - owner thread: 0x00000262612155a0

Heap address: 0x0000000085e00000, size: 1954 MB, Compressed Oops mode: 32-bit

CDS archive(s) mapped at: [0x0000000000000000-0x0000000000000000-0x0000000000000000), size 0, SharedBaseAddress: 0x0000000800000000, ArchiveRelocationMode: 1.
UseCompressedClassPointers 1, UseCompactObjectHeaders 0
Narrow klass pointer bits 32, Max shift 3
Narrow klass base: 0xffffffffffffffff, Narrow klass shift: -1
Encoding Range: [0xffffffffffffffff - 0x000000007fffffff), (2147483648 bytes)
Klass Range:    [0x0000000000000000 - 0x0000000000000000), (0 bytes)
Klass ID Range:  [4294967295 - 0) (1)
No protection zone.

GC Precious Log:
 CardTable entry size: 512
 Card Set container configuration: InlinePtr #cards 5 size 8 Array Of Cards #cards 10 size 36 Howl #buckets 4 coarsen threshold 1843 Howl Bitmap #cards 512 size 80 coarsen threshold 460 Card regions per heap region 1 cards per card region 2048

Heap:
 garbage-first heap   total reserved 2000896K, committed 0K, used 0K [0x0000000085e00000, 0x0000000100000000)
  region size 1024K, 0 young (0K), 0 survivors (0K)

Heap Regions: E=young(eden), S=young(survivor), O=old, HS=humongous(starts), HC=humongous(continues), CS=collection set, F=free, TAMS=top-at-mark-start, PB=parsable bottom

Card table byte_map: [0x0000026277640000,0x0000026277a20000] _byte_map_base: 0x0000026277211000

Marking Bits: (CMBitMap*) 0x00000262636385b0
 Bits: [0x0000026277a20000, 0x00000262798a8000)

GC Heap Usage History (0 events):
No events

Metaspace Usage History (0 events):
No events

Dll operation events (1 events):
Event: 0.013 Loaded shared library D:\Projects\IntelliJ IDEA 2026.1\jbr\bin\java.dll

Deoptimization events (0 events):
No events

Classes loaded (0 events):
No events

Classes unloaded (0 events):
No events

Classes redefined (0 events):
No events

Internal exceptions (0 events):
No events

VM Operations (0 events):
No events

Memory protections (0 events):
No events

Nmethod flushes (0 events):
No events

Events (0 events):
No events


Dynamic libraries:
0x00007ff6c05e0000 - 0x00007ff6c05ea000 	D:\Projects\IntelliJ IDEA 2026.1\jbr\bin\java.exe
0x00007ffdaaf80000 - 0x00007ffdab1e8000 	C:\WINDOWS\SYSTEM32\ntdll.dll
0x00007ffda9c00000 - 0x00007ffda9cc9000 	C:\WINDOWS\System32\KERNEL32.DLL
0x00007ffda79e0000 - 0x00007ffda7dd1000 	C:\WINDOWS\System32\KERNELBASE.dll
0x00007ffda8980000 - 0x00007ffda8acb000 	C:\WINDOWS\System32\ucrtbase.dll
0x00007ffd92730000 - 0x00007ffd9274e000 	D:\Projects\IntelliJ IDEA 2026.1\jbr\bin\VCRUNTIME140.dll
0x00007ffd82360000 - 0x00007ffd82377000 	D:\Projects\IntelliJ IDEA 2026.1\jbr\bin\jli.dll
0x00007ffda9850000 - 0x00007ffda9a16000 	C:\WINDOWS\System32\USER32.dll
0x00007ffda8c40000 - 0x00007ffda8c67000 	C:\WINDOWS\System32\win32u.dll
0x00007ffd8cd40000 - 0x00007ffd8cfd3000 	C:\WINDOWS\WinSxS\amd64_microsoft.windows.common-controls_6595b64144ccf1df_6.0.26100.7824_none_3e0870b2e3345462\COMCTL32.dll
0x00007ffdaaf10000 - 0x00007ffdaaf3b000 	C:\WINDOWS\System32\GDI32.dll
0x00007ffda9d90000 - 0x00007ffda9e39000 	C:\WINDOWS\System32\msvcrt.dll
0x00007ffda7de0000 - 0x00007ffda7f0b000 	C:\WINDOWS\System32\gdi32full.dll
0x00007ffda8c70000 - 0x00007ffda8d13000 	C:\WINDOWS\System32\msvcp_win.dll
0x00007ffda9790000 - 0x00007ffda97c1000 	C:\WINDOWS\System32\IMM32.DLL
0x00007ffd92720000 - 0x00007ffd9272c000 	D:\Projects\IntelliJ IDEA 2026.1\jbr\bin\vcruntime140_1.dll
0x00007ffd7af70000 - 0x00007ffd7aff9000 	D:\Projects\IntelliJ IDEA 2026.1\jbr\bin\msvcp140.dll
0x00007ffd2f750000 - 0x00007ffd306a2000 	D:\Projects\IntelliJ IDEA 2026.1\jbr\bin\server\jvm.dll
0x00007ffda8d20000 - 0x00007ffda8dd4000 	C:\WINDOWS\System32\ADVAPI32.dll
0x00007ffdaa760000 - 0x00007ffdaa806000 	C:\WINDOWS\System32\sechost.dll
0x00007ffda8f10000 - 0x00007ffda9028000 	C:\WINDOWS\System32\RPCRT4.dll
0x00007ffda9e40000 - 0x00007ffda9eb4000 	C:\WINDOWS\System32\WS2_32.dll
0x00007ffda7510000 - 0x00007ffda756e000 	C:\WINDOWS\SYSTEM32\POWRPROF.dll
0x00007ffd99af0000 - 0x00007ffd99b25000 	C:\WINDOWS\SYSTEM32\WINMM.dll
0x00007ffd9ff00000 - 0x00007ffd9ff0b000 	C:\WINDOWS\SYSTEM32\VERSION.dll
0x00007ffda74f0000 - 0x00007ffda7504000 	C:\WINDOWS\SYSTEM32\UMPDC.dll
0x00007ffda6600000 - 0x00007ffda661b000 	C:\WINDOWS\SYSTEM32\kernel.appcore.dll
0x00007ffd92710000 - 0x00007ffd9271a000 	D:\Projects\IntelliJ IDEA 2026.1\jbr\bin\jimage.dll
0x00007ffda5720000 - 0x00007ffda5962000 	C:\WINDOWS\SYSTEM32\DBGHELP.DLL
0x00007ffdaaa10000 - 0x00007ffdaad96000 	C:\WINDOWS\System32\combase.dll
0x00007ffda9b20000 - 0x00007ffda9bf7000 	C:\WINDOWS\System32\OLEAUT32.dll
0x00007ffd8b160000 - 0x00007ffd8b19b000 	C:\WINDOWS\SYSTEM32\dbgcore.DLL
0x00007ffda8840000 - 0x00007ffda88e5000 	C:\WINDOWS\System32\bcryptPrimitives.dll
0x00007ffd912f0000 - 0x00007ffd9130f000 	D:\Projects\IntelliJ IDEA 2026.1\jbr\bin\java.dll
0x00007ffdaa870000 - 0x00007ffdaaa07000 	C:\WINDOWS\System32\ole32.dll
0x00007ffda9030000 - 0x00007ffda9782000 	C:\WINDOWS\System32\SHELL32.dll
0x00007ffda8ad0000 - 0x00007ffda8c3a000 	C:\WINDOWS\System32\wintypes.dll

JVMTI agents: none

dbghelp: loaded successfully - version: 4.0.5 - missing functions: none
symbol engine: initialized successfully - sym options: 0x614 - pdb path: .;D:\Projects\IntelliJ IDEA 2026.1\jbr\bin;C:\WINDOWS\SYSTEM32;C:\WINDOWS\WinSxS\amd64_microsoft.windows.common-controls_6595b64144ccf1df_6.0.26100.7824_none_3e0870b2e3345462;D:\Projects\IntelliJ IDEA 2026.1\jbr\bin\server

VM Arguments:
java_command: git4idea.http.GitAskPassApp Username for 'https://github.com': 
java_class_path (initial): D:/Projects/IntelliJ IDEA 2026.1/plugins/vcs-git/lib/git4idea-rt.jar;D:/Projects/IntelliJ IDEA 2026.1/lib/externalProcess-rt.jar
Launcher Type: SUN_STANDARD

[Global flags]
     intx CICompilerCount                          = 12                                        {product} {ergonomic}
     uint ConcGCThreads                            = 3                                         {product} {ergonomic}
     uint G1ConcRefinementThreads                  = 13                                        {product} {ergonomic}
   size_t G1HeapRegionSize                         = 1048576                                   {product} {ergonomic}
   size_t InitialHeapSize                          = 130023424                                 {product} {ergonomic}
   size_t MarkStackSize                            = 4194304                                   {product} {ergonomic}
   size_t MarkStackSizeMax                         = 536870912                                 {product} {ergonomic}
   size_t MaxHeapSize                              = 2048917504                                {product} {ergonomic}
   size_t MinHeapDeltaBytes                        = 1048576                                   {product} {ergonomic}
   size_t MinHeapSize                              = 8388608                                   {product} {ergonomic}
    uintx NonNMethodCodeHeapSize                   = 7602176                                {pd product} {ergonomic}
    uintx NonProfiledCodeHeapSize                  = 122093568                              {pd product} {ergonomic}
    uintx ProfiledCodeHeapSize                     = 121962496                              {pd product} {ergonomic}
    uintx ReservedCodeCacheSize                    = 251658240                              {pd product} {ergonomic}
     bool SegmentedCodeCache                       = true                                      {product} {ergonomic}
   size_t SoftMaxHeapSize                          = 2048917504                             {manageable} {ergonomic}
     bool UseCompressedOops                        = true                           {product lp64_product} {ergonomic}
     bool UseG1GC                                  = true                                      {product} {ergonomic}
     bool UseLargePagesIndividualAllocation        = false                                  {pd product} {ergonomic}

Logging:
Log output configuration:
 #0: stdout all=warning uptime,level,tags foldmultilines=false
 #1: stderr all=off uptime,level,tags foldmultilines=false

Release file:
<release file has not been read>
Environment Variables:
JAVA_HOME=C:\Program Files\Eclipse Adoptium\jdk-21.0.9.10-hotspot
PATH=C:\Program Files\Git\mingw64\libexec\git-core;C:\Program Files\Git\mingw64\libexec\git-core;C:\Program Files\Git\mingw64\bin;C:\Program Files\Git\usr\bin;C:\Users\nvtun\bin;C:\Program Files\Python312\Scripts;C:\Program Files\Python312;C:\Windows\system32;C:\Windows;C:\Windows\System32\Wbem;C:\Windows\System32\WindowsPowerShell\v1.0;C:\Windows\System32\OpenSSH;C:\Program Files (x86)\NVIDIA Corporation\PhysX\Common;C:\WINDOWS\system32;C:\WINDOWS;C:\WINDOWS\System32\Wbem;C:\WINDOWS\System32\WindowsPowerShell\v1.0;C:\WINDOWS\System32\OpenSSH;C:\Users\nvtun\Downloads\kotlin-compiler-2.1.21.zip\kotlinc\bin;
USERNAME=nvtun
DISPLAY=:0.0
LC_ALL=en_US.UTF-8
TERM=xterm-256color
TMPDIR=C:\Users\nvtun\AppData\Local\Temp
OS=Windows_NT
PROCESSOR_IDENTIFIER=Intel64 Family 6 Model 154 Stepping 3, GenuineIntel
TMP=C:\Users\nvtun\AppData\Local\Temp
TEMP=C:\Users\nvtun\AppData\Local\Temp




Compilation memory statistics disabled.

Periodic native trim disabled

JNI global refs:
JNI global refs: 0, weak refs: 0

JNI global refs memory usage: 0, weak refs: 0

Process memory usage:
Resident Set Size: 14348K (0% of 8000360K total physical memory with 349044K free physical memory)

OOME stack traces (most recent first):
Classloader memory used:

---------------  S Y S T E M  ---------------

OS:
 Windows 11 , 64 bit Build 26100 (10.0.26100.7705)
OS uptime: 1 days 17:19 hours

CPU: total 16 (initial active 16) (16 cores per cpu, 1 threads per core) family 6 model 154 stepping 3 microcode 0x434, cx8, cmov, fxsr, mmx, 3dnowpref, sse, sse2, sse3, ssse3, sse4.1, sse4.2, popcnt, lzcnt, tsc, tscinvbit, avx, avx2, aes, erms, clmul, bmi1, bmi2, adx, sha, fma, vzeroupper, clflush, clflushopt, clwb, serialize, rdtscp, rdpid, fsrm, gfni, f16c, pku, cet_ibt, cet_ss
Processor Information for the first 16 processors :
  Max Mhz: 2500, Current Mhz: 2500, Mhz Limit: 2500

Memory: 4k page, system-wide physical 7812M (341M free)
TotalPageFile size 31364M (AvailPageFile size 6M)
current process WorkingSet (physical memory assigned to process): 14M, peak: 14M
current process commit charge ("private bytes"): 71M, peak: 195M

vm_info: OpenJDK 64-Bit Server VM (25.0.2+1-b329.72) for windows-amd64 JRE (25.0.2+1-b329.72), built on 2026-03-02 with MS VC++ 17.14 (VS2022)

END.
